[2020-11-19T00:11:18.656] [DEBUG] cheese - login => username:zs,password:123456
[2020-11-19T00:11:18.659] [DEBUG] cheese - zs
[2020-11-19T00:11:18.666] [DEBUG] cheese - null
[2020-11-19T00:11:18.667] [DEBUG] cheese - null
[2020-11-19T00:12:02.516] [DEBUG] cheese - login => username:admin,password:123456
[2020-11-19T00:12:02.516] [DEBUG] cheese - admin
[2020-11-19T00:12:02.521] [DEBUG] cheese - null
[2020-11-19T00:12:02.521] [DEBUG] cheese - null
[2020-11-19T19:31:43.098] [DEBUG] cheese - login => username:admin,password:123456
[2020-11-19T19:31:43.102] [DEBUG] cheese - admin
[2020-11-19T19:31:43.134] [DEBUG] cheese - null
[2020-11-19T19:31:43.135] [DEBUG] cheese - null
[2020-11-20T10:28:42.002] [DEBUG] cheese - login => username:admin,password:123456
[2020-11-20T10:28:42.006] [DEBUG] cheese - admin
[2020-11-20T10:28:42.015] [DEBUG] cheese - null
[2020-11-20T10:28:42.016] [DEBUG] cheese - null
[2020-11-20T11:47:52.952] [DEBUG] cheese - login => username:sasa,password:sassa
[2020-11-20T11:47:52.953] [DEBUG] cheese - sasa
[2020-11-20T11:47:52.955] [DEBUG] cheese - null
[2020-11-20T11:47:52.955] [DEBUG] cheese - null
[2020-11-20T11:50:14.191] [DEBUG] cheese - login => username:sasa,password:sasa
[2020-11-20T11:50:14.191] [DEBUG] cheese - sasa
[2020-11-20T11:50:14.193] [DEBUG] cheese - null
[2020-11-20T11:50:14.193] [DEBUG] cheese - null
[2020-11-20T11:52:42.271] [DEBUG] cheese - login => username:sqsq,password:sqsq
[2020-11-20T11:52:42.271] [DEBUG] cheese - sqsq
[2020-11-20T11:52:42.273] [DEBUG] cheese - null
[2020-11-20T11:52:42.273] [DEBUG] cheese - null
[2020-11-20T11:56:21.975] [DEBUG] cheese - login => username:dsadsa,password:ddsadas
[2020-11-20T11:56:21.975] [DEBUG] cheese - dsadsa
[2020-11-20T11:56:21.977] [DEBUG] cheese - null
[2020-11-20T11:56:21.977] [DEBUG] cheese - null
[2020-11-20T11:56:23.550] [DEBUG] cheese - login => username:dsadsa,password:ddsadas
[2020-11-20T11:56:23.550] [DEBUG] cheese - dsadsa
[2020-11-20T11:56:23.553] [DEBUG] cheese - null
[2020-11-20T11:56:23.553] [DEBUG] cheese - null
[2020-11-20T11:57:11.098] [DEBUG] cheese - login => username:sqsq,password:sqsq
[2020-11-20T11:57:11.098] [DEBUG] cheese - sqsq
[2020-11-20T11:57:11.100] [DEBUG] cheese - null
[2020-11-20T11:57:11.100] [DEBUG] cheese - null
[2020-11-20T11:57:53.169] [DEBUG] cheese - login => username:sqsq,password:sqsq
[2020-11-20T11:57:53.169] [DEBUG] cheese - sqsq
[2020-11-20T11:57:53.171] [DEBUG] cheese - null
[2020-11-20T11:57:53.171] [DEBUG] cheese - null
[2020-11-20T11:58:22.912] [DEBUG] cheese - login => username:sqsq,password:sqsq
[2020-11-20T11:58:22.912] [DEBUG] cheese - sqsq
[2020-11-20T11:58:22.914] [DEBUG] cheese - null
[2020-11-20T11:58:22.914] [DEBUG] cheese - null
[2020-11-20T11:59:32.076] [DEBUG] cheese - login => username:sqsq,password:sqsq
[2020-11-20T11:59:32.076] [DEBUG] cheese - sqsq
[2020-11-20T11:59:32.079] [DEBUG] cheese - null
[2020-11-20T11:59:32.079] [DEBUG] cheese - null
[2020-11-20T11:59:40.724] [DEBUG] cheese - login => username:admin,password:123456
[2020-11-20T11:59:40.724] [DEBUG] cheese - admin
[2020-11-20T11:59:40.726] [DEBUG] cheese - null
[2020-11-20T11:59:40.726] [DEBUG] cheese - null
[2020-11-20T11:59:59.509] [DEBUG] cheese - login => username:sqsq,password:sqsq
[2020-11-20T11:59:59.509] [DEBUG] cheese - sqsq
[2020-11-20T11:59:59.511] [DEBUG] cheese - null
[2020-11-20T11:59:59.511] [DEBUG] cheese - null
[2020-11-20T12:00:16.709] [DEBUG] cheese - login => username:admin,password:123456
[2020-11-20T12:00:16.710] [DEBUG] cheese - admin
[2020-11-20T12:00:16.711] [DEBUG] cheese - null
[2020-11-20T12:00:16.711] [DEBUG] cheese - null
[2020-11-20T12:00:35.032] [DEBUG] cheese - login => username:dfwqdwq,password:dqwdqwd
[2020-11-20T12:00:35.032] [DEBUG] cheese - dfwqdwq
[2020-11-20T12:00:35.033] [DEBUG] cheese - null
[2020-11-20T12:00:35.034] [DEBUG] cheese - null
[2020-11-20T12:00:47.742] [DEBUG] cheese - login => username:admin,password:498641563
[2020-11-20T12:00:47.742] [DEBUG] cheese - admin
[2020-11-20T12:00:47.744] [DEBUG] cheese - null
[2020-11-20T12:00:47.744] [DEBUG] cheese - null
[2020-11-20T17:42:42.753] [DEBUG] cheese - login => username:dsads,password:dadas
[2020-11-20T17:42:42.754] [DEBUG] cheese - dsads
[2020-11-20T17:42:42.763] [DEBUG] cheese - null
[2020-11-20T17:42:42.763] [DEBUG] cheese - null
[2020-11-20T17:42:58.533] [DEBUG] cheese - login => username:dqdwq,password:dwqdqw
[2020-11-20T17:42:58.533] [DEBUG] cheese - dqdwq
[2020-11-20T17:42:58.535] [DEBUG] cheese - null
[2020-11-20T17:42:58.535] [DEBUG] cheese - null
[2020-11-20T17:42:59.523] [DEBUG] cheese - login => username:dqdwq,password:dwqdqw
[2020-11-20T17:42:59.523] [DEBUG] cheese - dqdwq
[2020-11-20T17:42:59.525] [DEBUG] cheese - null
[2020-11-20T17:42:59.525] [DEBUG] cheese - null
[2020-11-20T17:43:16.213] [DEBUG] cheese - login => username:rewrwe,password:rewrwe
[2020-11-20T17:43:16.213] [DEBUG] cheese - rewrwe
[2020-11-20T17:43:16.214] [DEBUG] cheese - null
[2020-11-20T17:43:16.215] [DEBUG] cheese - null
[2020-11-20T17:43:28.893] [DEBUG] cheese - login => username:dqdwq,password:dqwdqw
[2020-11-20T17:43:28.893] [DEBUG] cheese - dqdwq
[2020-11-20T17:43:28.895] [DEBUG] cheese - null
[2020-11-20T17:43:28.895] [DEBUG] cheese - null
[2020-11-20T18:00:32.820] [DEBUG] cheese - login => username:dqdqw,password:dwqddqw
[2020-11-20T18:00:32.820] [DEBUG] cheese - dqdqw
[2020-11-20T18:00:32.823] [DEBUG] cheese - null
[2020-11-20T18:00:32.823] [DEBUG] cheese - null
[2020-11-20T18:00:43.491] [DEBUG] cheese - login => username:admin,password:123456
[2020-11-20T18:00:43.491] [DEBUG] cheese - admin
[2020-11-20T18:00:43.494] [DEBUG] cheese - null
[2020-11-20T18:00:43.494] [DEBUG] cheese - null
[2020-11-20T18:00:49.195] [DEBUG] cheese - login => username:dqwdqwd,password:123456
[2020-11-20T18:00:49.195] [DEBUG] cheese - dqwdqwd
[2020-11-20T18:00:49.197] [DEBUG] cheese - null
[2020-11-20T18:00:49.197] [DEBUG] cheese - null
[2020-11-20T18:46:42.094] [DEBUG] cheese - login => username:dwqdq,password:dqwdqw
[2020-11-20T18:46:42.094] [DEBUG] cheese - dwqdq
[2020-11-20T18:46:42.097] [DEBUG] cheese - null
[2020-11-20T18:46:42.097] [DEBUG] cheese - null
[2020-11-20T18:47:02.720] [DEBUG] cheese - login => username:admin,password:123456
[2020-11-20T18:47:02.720] [DEBUG] cheese - admin
[2020-11-20T18:47:02.721] [DEBUG] cheese - null
[2020-11-20T18:47:02.722] [DEBUG] cheese - null
[2020-11-20T18:55:08.241] [DEBUG] cheese - login => username:admin,password:123456
[2020-11-20T18:55:08.241] [DEBUG] cheese - admin
[2020-11-20T18:55:08.244] [DEBUG] cheese - null
[2020-11-20T18:55:08.244] [DEBUG] cheese - null
[2020-11-20T18:56:35.930] [DEBUG] cheese - login => username:admin,password:123456
[2020-11-20T18:56:35.930] [DEBUG] cheese - admin
[2020-11-20T18:56:35.932] [DEBUG] cheese - null
[2020-11-20T18:56:35.932] [DEBUG] cheese - null
[2020-11-20T18:58:27.891] [DEBUG] cheese - login => username:admin,password:123456
[2020-11-20T18:58:27.892] [DEBUG] cheese - admin
[2020-11-20T18:58:27.894] [DEBUG] cheese - null
[2020-11-20T18:58:27.894] [DEBUG] cheese - null
[2020-11-20T19:03:09.151] [DEBUG] cheese - login => username:admin,password:123456
[2020-11-20T19:03:09.152] [DEBUG] cheese - admin
[2020-11-20T19:03:09.154] [DEBUG] cheese - null
[2020-11-20T19:03:09.154] [DEBUG] cheese - null
[2020-11-20T19:04:41.267] [DEBUG] cheese - login => username:admindfdw,password:123456
[2020-11-20T19:04:41.267] [DEBUG] cheese - admindfdw
[2020-11-20T19:04:41.269] [DEBUG] cheese - null
[2020-11-20T19:04:41.269] [DEBUG] cheese - null
[2020-11-20T19:04:42.391] [DEBUG] cheese - login => username:admindfdw,password:123456
[2020-11-20T19:04:42.391] [DEBUG] cheese - admindfdw
[2020-11-20T19:04:42.393] [DEBUG] cheese - null
[2020-11-20T19:04:42.393] [DEBUG] cheese - null
[2020-11-20T19:04:46.049] [DEBUG] cheese - login => username:admin,password:123456
[2020-11-20T19:04:46.049] [DEBUG] cheese - admin
[2020-11-20T19:04:46.051] [DEBUG] cheese - null
[2020-11-20T19:04:46.051] [DEBUG] cheese - null
[2020-11-20T19:29:04.033] [DEBUG] cheese - login => username:admin,password:123456
[2020-11-20T19:29:04.033] [DEBUG] cheese - admin
[2020-11-20T19:29:04.035] [DEBUG] cheese - null
[2020-11-20T19:29:04.035] [DEBUG] cheese - null
[2020-11-20T19:30:48.801] [DEBUG] cheese - login => username:admin,password:123456
[2020-11-20T19:30:48.801] [DEBUG] cheese - admin
[2020-11-20T19:30:48.803] [DEBUG] cheese - null
[2020-11-20T19:30:48.803] [DEBUG] cheese - null
[2020-11-20T19:33:52.307] [DEBUG] cheese - login => username:admin,password:123456
[2020-11-20T19:33:52.307] [DEBUG] cheese - admin
[2020-11-20T19:33:52.309] [DEBUG] cheese - null
[2020-11-20T19:33:52.309] [DEBUG] cheese - null
[2020-11-20T19:38:41.641] [DEBUG] cheese - login => username:admin,password:123456
[2020-11-20T19:38:41.641] [DEBUG] cheese - admin
[2020-11-20T19:38:41.643] [DEBUG] cheese - null
[2020-11-20T19:38:41.643] [DEBUG] cheese - null
[2020-11-20T21:24:20.977] [DEBUG] cheese - login => username:admin,password:123456
[2020-11-20T21:24:20.977] [DEBUG] cheese - admin
[2020-11-20T21:24:20.979] [DEBUG] cheese - null
[2020-11-20T21:24:20.979] [DEBUG] cheese - null
[2020-11-20T21:33:28.625] [DEBUG] cheese - login => username:admin,password:123456
[2020-11-20T21:33:28.625] [DEBUG] cheese - admin
[2020-11-20T21:33:28.627] [DEBUG] cheese - null
[2020-11-20T21:33:28.627] [DEBUG] cheese - null
[2020-11-20T22:59:54.385] [DEBUG] cheese - login => username:admin,password:123456
[2020-11-20T22:59:54.385] [DEBUG] cheese - admin
[2020-11-20T22:59:54.387] [DEBUG] cheese - null
[2020-11-20T22:59:54.387] [DEBUG] cheese - null
[2020-11-21T10:25:33.560] [DEBUG] cheese - login => username:admin,password:123456
[2020-11-21T10:25:33.562] [DEBUG] cheese - admin
[2020-11-21T10:25:33.572] [DEBUG] cheese - null
[2020-11-21T10:25:33.572] [DEBUG] cheese - null
[2020-11-21T10:33:15.535] [DEBUG] cheese - login => username:admin,password:123456
[2020-11-21T10:33:15.535] [DEBUG] cheese - admin
[2020-11-21T10:33:15.537] [DEBUG] cheese - null
[2020-11-21T10:33:15.537] [DEBUG] cheese - null
[2020-11-21T10:34:04.944] [DEBUG] cheese - login => username:admin,password:123456
[2020-11-21T10:34:04.944] [DEBUG] cheese - admin
[2020-11-21T10:34:04.946] [DEBUG] cheese - null
[2020-11-21T10:34:04.946] [DEBUG] cheese - null
[2020-11-21T10:34:58.396] [DEBUG] cheese - login => username:admin,password:123456
[2020-11-21T10:34:58.397] [DEBUG] cheese - admin
[2020-11-21T10:34:58.398] [DEBUG] cheese - null
[2020-11-21T10:34:58.399] [DEBUG] cheese - null
[2020-11-21T10:38:33.560] [DEBUG] cheese - login => username:admin,password:123456
[2020-11-21T10:38:33.560] [DEBUG] cheese - admin
[2020-11-21T10:38:33.563] [DEBUG] cheese - null
[2020-11-21T10:38:33.563] [DEBUG] cheese - null
[2020-11-21T10:38:53.072] [DEBUG] cheese - login => username:admin,password:123456
[2020-11-21T10:38:53.072] [DEBUG] cheese - admin
[2020-11-21T10:38:53.074] [DEBUG] cheese - null
[2020-11-21T10:38:53.074] [DEBUG] cheese - null
[2020-11-21T11:27:16.507] [DEBUG] cheese - login => username:admin,password:123456
[2020-11-21T11:27:16.507] [DEBUG] cheese - admin
[2020-11-21T11:27:16.510] [DEBUG] cheese - null
[2020-11-21T11:27:16.510] [DEBUG] cheese - null
[2020-11-21T11:29:08.430] [DEBUG] cheese - login => username:admin,password:123456
[2020-11-21T11:29:08.430] [DEBUG] cheese - admin
[2020-11-21T11:29:08.433] [DEBUG] cheese - null
[2020-11-21T11:29:08.433] [DEBUG] cheese - null
[2020-11-21T12:46:22.320] [DEBUG] cheese - login => username:admin,password:123456
[2020-11-21T12:46:22.320] [DEBUG] cheese - admin
[2020-11-21T12:46:22.323] [DEBUG] cheese - null
[2020-11-21T12:46:22.323] [DEBUG] cheese - null
[2020-11-21T13:13:49.829] [DEBUG] cheese - login => username:admin,password:123456
[2020-11-21T13:13:49.829] [DEBUG] cheese - admin
[2020-11-21T13:13:49.832] [DEBUG] cheese - null
[2020-11-21T13:13:49.832] [DEBUG] cheese - null
[2020-11-21T13:20:48.488] [DEBUG] cheese - login => username:admin,password:123456
[2020-11-21T13:20:48.488] [DEBUG] cheese - admin
[2020-11-21T13:20:48.490] [DEBUG] cheese - null
[2020-11-21T13:20:48.490] [DEBUG] cheese - null
[2020-11-21T13:24:51.335] [DEBUG] cheese - login => username:admin,password:123456
[2020-11-21T13:24:51.335] [DEBUG] cheese - admin
[2020-11-21T13:24:51.336] [DEBUG] cheese - null
[2020-11-21T13:24:51.337] [DEBUG] cheese - null
[2020-11-21T20:12:06.138] [DEBUG] cheese - login => username:admin,password:123456
[2020-11-21T20:12:06.139] [DEBUG] cheese - admin
[2020-11-21T20:12:06.149] [DEBUG] cheese - null
[2020-11-21T20:12:06.149] [DEBUG] cheese - null
[2020-11-22T12:56:54.300] [DEBUG] cheese - login => username:admin,password:123456
[2020-11-22T12:56:54.301] [DEBUG] cheese - admin
[2020-11-22T12:56:54.311] [DEBUG] cheese - null
[2020-11-22T12:56:54.311] [DEBUG] cheese - null
[2020-11-22T18:07:27.299] [DEBUG] cheese - login => username:admin,password:123456
[2020-11-22T18:07:27.300] [DEBUG] cheese - admin
[2020-11-22T18:07:27.309] [DEBUG] cheese - null
[2020-11-22T18:07:27.310] [DEBUG] cheese - null
[2020-11-23T20:09:06.859] [DEBUG] cheese - login => username:admin,password:123456
[2020-11-23T20:09:06.860] [DEBUG] cheese - admin
[2020-11-23T20:09:06.872] [DEBUG] cheese - null
[2020-11-23T20:09:06.872] [DEBUG] cheese - null
[2020-11-24T14:25:07.700] [DEBUG] cheese - login => username:admin,password:123456
[2020-11-24T14:25:07.701] [DEBUG] cheese - admin
[2020-11-24T14:25:07.712] [DEBUG] cheese - null
[2020-11-24T14:25:07.712] [DEBUG] cheese - null
[2020-11-25T10:31:48.813] [DEBUG] cheese - login => username:admin,password:123456
[2020-11-25T10:31:48.814] [DEBUG] cheese - admin
[2020-11-25T10:31:48.825] [DEBUG] cheese - null
[2020-11-25T10:31:48.826] [DEBUG] cheese - null
[2020-11-25T22:05:24.712] [DEBUG] cheese - login => username:admin,password:123456
[2020-11-25T22:05:24.714] [DEBUG] cheese - admin
[2020-11-25T22:05:24.724] [DEBUG] cheese - null
[2020-11-25T22:05:24.724] [DEBUG] cheese - null
[2020-11-27T21:01:30.494] [DEBUG] cheese - login => username:admin,password:123456
[2020-11-27T21:01:30.495] [DEBUG] cheese - admin
[2020-11-27T21:01:30.525] [DEBUG] cheese - null
[2020-11-27T21:01:30.526] [DEBUG] cheese - null
[2020-11-28T10:23:16.635] [DEBUG] cheese - login => username:admin,password:123456
[2020-11-28T10:23:16.636] [DEBUG] cheese - admin
[2020-11-28T10:23:16.659] [DEBUG] cheese - null
[2020-11-28T10:23:16.660] [DEBUG] cheese - null
[2020-11-28T10:34:34.112] [DEBUG] cheese - login => username:admin,password:123456
[2020-11-28T10:34:34.112] [DEBUG] cheese - admin
[2020-11-28T10:34:34.114] [DEBUG] cheese - null
[2020-11-28T10:34:34.114] [DEBUG] cheese - null
[2020-11-28T11:59:30.356] [DEBUG] cheese - login => username:admin,password:123456
[2020-11-28T11:59:30.356] [DEBUG] cheese - admin
[2020-11-28T11:59:30.358] [DEBUG] cheese - null
[2020-11-28T11:59:30.358] [DEBUG] cheese - null
[2020-11-28T13:03:24.759] [DEBUG] cheese - null
[2020-11-28T13:05:05.253] [DEBUG] cheese - null
[2020-11-28T13:05:18.733] [DEBUG] cheese - null
[2020-11-28T13:06:09.853] [DEBUG] cheese - null
[2020-11-28T13:07:17.965] [DEBUG] cheese - null
[2020-11-28T13:10:00.065] [DEBUG] cheese - null
[2020-11-28T13:13:35.742] [DEBUG] cheese - null
[2020-11-28T13:13:43.204] [DEBUG] cheese - null
[2020-11-28T13:13:50.596] [DEBUG] cheese - null
[2020-11-28T13:14:01.831] [DEBUG] cheese - null
[2020-11-28T13:18:43.104] [DEBUG] cheese - null
[2020-11-28T13:19:10.794] [DEBUG] cheese - null
[2020-11-28T13:19:16.911] [DEBUG] cheese - null
[2020-11-28T13:22:35.000] [DEBUG] cheese - null
[2020-11-28T13:22:51.153] [DEBUG] cheese - null
[2020-11-29T11:35:30.645] [DEBUG] cheese - login => username:admin,password:123456
[2020-11-29T11:35:30.647] [DEBUG] cheese - admin
[2020-11-29T11:35:30.672] [DEBUG] cheese - null
[2020-11-29T11:35:30.672] [DEBUG] cheese - null
[2020-11-30T14:36:04.699] [DEBUG] cheese - login => username:admin,password:123456
[2020-11-30T14:36:04.700] [DEBUG] cheese - admin
[2020-11-30T14:36:04.715] [DEBUG] cheese - null
[2020-11-30T14:36:04.716] [DEBUG] cheese - null
[2020-12-01T08:07:06.561] [DEBUG] cheese - login => username:admin,password:123456
[2020-12-01T08:07:06.562] [DEBUG] cheese - admin
[2020-12-01T08:07:06.574] [DEBUG] cheese - null
[2020-12-01T08:07:06.575] [DEBUG] cheese - null
[2020-12-01T11:57:59.619] [DEBUG] cheese - login => username:admin,password:123456
[2020-12-01T11:57:59.620] [DEBUG] cheese - admin
[2020-12-01T11:57:59.643] [DEBUG] cheese - null
[2020-12-01T11:57:59.643] [DEBUG] cheese - null
[2020-12-01T16:41:17.912] [DEBUG] cheese - login => username:admin,password:123456
[2020-12-01T16:41:17.913] [DEBUG] cheese - admin
[2020-12-01T16:41:17.936] [DEBUG] cheese - null
[2020-12-01T16:41:17.936] [DEBUG] cheese - null
[2020-12-02T09:09:17.960] [DEBUG] cheese - login => username:admin,password:123456
[2020-12-02T09:09:17.962] [DEBUG] cheese - admin
[2020-12-02T09:09:17.982] [DEBUG] cheese - null
[2020-12-02T09:09:17.982] [DEBUG] cheese - null
[2020-12-02T16:23:26.499] [DEBUG] cheese - login => username:admin,password:123456
[2020-12-02T16:23:26.500] [DEBUG] cheese - admin
[2020-12-02T16:23:26.511] [DEBUG] cheese - null
[2020-12-02T16:23:26.511] [DEBUG] cheese - null
[2020-12-02T22:30:33.949] [DEBUG] cheese - login => username:admin,password:123456
[2020-12-02T22:30:33.951] [DEBUG] cheese - admin
[2020-12-02T22:30:33.960] [DEBUG] cheese - null
[2020-12-02T22:30:33.960] [DEBUG] cheese - null
[2020-12-03T10:00:38.743] [DEBUG] cheese - login => username:admin,password:123456
[2020-12-03T10:00:38.744] [DEBUG] cheese - admin
[2020-12-03T10:00:38.754] [DEBUG] cheese - null
[2020-12-03T10:00:38.754] [DEBUG] cheese - null
[2020-12-03T12:37:13.091] [DEBUG] cheese - null
[2020-12-03T22:48:26.821] [DEBUG] cheese - login => username:admin,password:123456
[2020-12-03T22:48:26.822] [DEBUG] cheese - admin
[2020-12-03T22:48:26.845] [DEBUG] cheese - null
[2020-12-03T22:48:26.846] [DEBUG] cheese - null
[2020-12-04T08:51:37.763] [DEBUG] cheese - login => username:admin,password:123456
[2020-12-04T08:51:37.765] [DEBUG] cheese - admin
[2020-12-04T08:51:37.774] [DEBUG] cheese - null
[2020-12-04T08:51:37.774] [DEBUG] cheese - null
[2020-12-04T16:21:28.517] [DEBUG] cheese - login => username:admin,password:123456
[2020-12-04T16:21:28.518] [DEBUG] cheese - admin
[2020-12-04T16:21:28.527] [DEBUG] cheese - null
[2020-12-04T16:21:28.528] [DEBUG] cheese - null
[2020-12-04T17:13:08.104] [DEBUG] cheese - login => username:admin,password:123456
[2020-12-04T17:13:08.104] [DEBUG] cheese - admin
[2020-12-04T17:13:08.107] [DEBUG] cheese - null
[2020-12-04T17:13:08.107] [DEBUG] cheese - null
[2020-12-04T17:18:44.159] [DEBUG] cheese - login => username:admin,password:123456
[2020-12-04T17:18:44.159] [DEBUG] cheese - admin
[2020-12-04T17:18:44.160] [DEBUG] cheese - null
[2020-12-04T17:18:44.161] [DEBUG] cheese - null
[2020-12-05T10:08:31.595] [DEBUG] cheese - login => username:admin,password:123456
[2020-12-05T10:08:31.596] [DEBUG] cheese - admin
[2020-12-05T10:08:31.605] [DEBUG] cheese - null
[2020-12-05T10:08:31.606] [DEBUG] cheese - null
[2020-12-05T11:12:44.127] [DEBUG] cheese - login => username:admin,password:123456
[2020-12-05T11:12:44.130] [DEBUG] cheese - admin
[2020-12-05T11:12:44.137] [DEBUG] cheese - null
[2020-12-05T11:12:44.137] [DEBUG] cheese - null
[2020-12-05T11:14:13.773] [DEBUG] cheese - login => username:admin,password:123456
[2020-12-05T11:14:13.774] [DEBUG] cheese - admin
[2020-12-05T11:14:13.777] [DEBUG] cheese - null
[2020-12-05T11:14:13.777] [DEBUG] cheese - null
[2020-12-05T11:20:54.089] [DEBUG] cheese - login => username:admin,password:123456
[2020-12-05T11:20:54.090] [DEBUG] cheese - admin
[2020-12-05T11:20:54.092] [DEBUG] cheese - null
[2020-12-05T11:20:54.093] [DEBUG] cheese - null
[2020-12-05T11:52:24.322] [DEBUG] cheese - login => username:admin,password:123456
[2020-12-05T11:52:24.322] [DEBUG] cheese - admin
[2020-12-05T11:52:24.325] [DEBUG] cheese - null
[2020-12-05T11:52:24.325] [DEBUG] cheese - null
[2020-12-05T12:27:05.682] [DEBUG] cheese - login => username:admin,password:123456
[2020-12-05T12:27:05.682] [DEBUG] cheese - admin
[2020-12-05T12:27:05.683] [DEBUG] cheese - null
[2020-12-05T12:27:05.683] [DEBUG] cheese - null
[2020-12-05T12:37:59.872] [DEBUG] cheese - login => username:admin,password:123456
[2020-12-05T12:37:59.873] [DEBUG] cheese - admin
[2020-12-05T12:37:59.878] [DEBUG] cheese - null
[2020-12-05T12:37:59.878] [DEBUG] cheese - null
[2020-12-05T12:56:05.675] [DEBUG] cheese - login => username:admin,password:123456
[2020-12-05T12:56:05.675] [DEBUG] cheese - admin
[2020-12-05T12:56:05.677] [DEBUG] cheese - null
[2020-12-05T12:56:05.677] [DEBUG] cheese - null
[2020-12-05T13:27:27.963] [DEBUG] cheese - login => username:admin,password:123456
[2020-12-05T13:27:27.963] [DEBUG] cheese - admin
[2020-12-05T13:27:27.965] [DEBUG] cheese - null
[2020-12-05T13:27:27.965] [DEBUG] cheese - null
[2020-12-07T21:08:12.185] [DEBUG] cheese - login => username:admin,password:123456
[2020-12-07T21:08:12.186] [DEBUG] cheese - admin
[2020-12-07T21:08:12.201] [DEBUG] cheese - null
[2020-12-07T21:08:12.202] [DEBUG] cheese - null
[2020-12-07T21:28:43.929] [DEBUG] cheese - login => username:admin,password:123456
[2020-12-07T21:28:43.929] [DEBUG] cheese - admin
[2020-12-07T21:28:43.932] [DEBUG] cheese - null
[2020-12-07T21:28:43.932] [DEBUG] cheese - null
[2020-12-07T21:30:33.400] [DEBUG] cheese - login => username:admin,password:123456
[2020-12-07T21:30:33.400] [DEBUG] cheese - admin
[2020-12-07T21:30:33.402] [DEBUG] cheese - null
[2020-12-07T21:30:33.402] [DEBUG] cheese - null
[2020-12-07T21:55:35.689] [DEBUG] cheese - login => username:admin,password:123456
[2020-12-07T21:55:35.690] [DEBUG] cheese - admin
[2020-12-07T21:55:35.693] [DEBUG] cheese - null
[2020-12-07T21:55:35.694] [DEBUG] cheese - null
[2021-01-29T23:05:40.956] [DEBUG] cheese - login => username:admin,password:123456
[2021-01-29T23:05:40.957] [DEBUG] cheese - admin
[2021-01-29T23:05:40.985] [DEBUG] cheese - null
[2021-01-29T23:05:40.985] [DEBUG] cheese - null
[2021-01-29T23:08:39.665] [DEBUG] cheese - login => username:admin,password:123456
[2021-01-29T23:08:39.666] [DEBUG] cheese - admin
[2021-01-29T23:08:39.670] [DEBUG] cheese - null
[2021-01-29T23:08:39.671] [DEBUG] cheese - null
[2021-02-12T22:20:39.303] [DEBUG] cheese - login => username:admin,password:123456
[2021-02-12T22:20:39.305] [DEBUG] cheese - admin
[2021-02-12T22:20:39.336] [DEBUG] cheese - null
[2021-02-12T22:20:39.336] [DEBUG] cheese - null
[2021-04-25T18:12:26.431] [DEBUG] cheese - login => username:admin,password:123456
[2021-04-25T18:12:26.433] [DEBUG] cheese - admin
[2021-04-25T18:12:26.466] [DEBUG] cheese - null
[2021-04-25T18:12:26.466] [DEBUG] cheese - null
[2021-04-25T18:53:11.617] [DEBUG] cheese - login => username:admin,password:123456
[2021-04-25T18:53:11.618] [DEBUG] cheese - admin
[2021-04-25T18:53:11.622] [DEBUG] cheese - null
[2021-04-25T18:53:11.622] [DEBUG] cheese - null
[2021-04-25T19:34:21.820] [DEBUG] cheese - login => username:admin,password:123456
[2021-04-25T19:34:21.820] [DEBUG] cheese - admin
[2021-04-25T19:34:21.823] [DEBUG] cheese - null
[2021-04-25T19:34:21.823] [DEBUG] cheese - null
[2021-04-25T19:34:50.903] [DEBUG] cheese - login => username:admin,password:123456
[2021-04-25T19:34:50.903] [DEBUG] cheese - admin
[2021-04-25T19:34:50.905] [DEBUG] cheese - null
[2021-04-25T19:34:50.905] [DEBUG] cheese - null
[2021-04-25T19:35:39.719] [DEBUG] cheese - login => username:admin,password:123456
[2021-04-25T19:35:39.719] [DEBUG] cheese - admin
[2021-04-25T19:35:39.721] [DEBUG] cheese - null
[2021-04-25T19:35:39.721] [DEBUG] cheese - null
[2021-04-25T21:30:39.847] [DEBUG] cheese - login => username:admin,password:123456
[2021-04-25T21:30:39.848] [DEBUG] cheese - admin
[2021-04-25T21:30:39.850] [DEBUG] cheese - null
[2021-04-25T21:30:39.851] [DEBUG] cheese - null
[2021-04-25T21:46:10.198] [DEBUG] cheese - login => username:admin,password:123456
[2021-04-25T21:46:10.199] [DEBUG] cheese - admin
[2021-04-25T21:46:10.202] [DEBUG] cheese - null
[2021-04-25T21:46:10.202] [DEBUG] cheese - null
[2021-05-10T18:42:48.749] [DEBUG] cheese - login => username:admin,password:123456
[2021-05-10T18:42:48.751] [DEBUG] cheese - admin
[2021-05-10T18:42:48.767] [DEBUG] cheese - null
[2021-05-10T18:42:48.767] [DEBUG] cheese - null
[2021-05-10T19:00:02.364] [DEBUG] cheese - login => username:admin,password:123456
[2021-05-10T19:00:02.366] [DEBUG] cheese - admin
[2021-05-10T19:00:02.378] [DEBUG] cheese - null
[2021-05-10T19:00:02.379] [DEBUG] cheese - null
[2021-05-10T19:10:29.040] [DEBUG] cheese - login => username:admin,password:123456
[2021-05-10T19:10:29.041] [DEBUG] cheese - admin
[2021-05-10T19:10:29.046] [DEBUG] cheese - null
[2021-05-10T19:10:29.047] [DEBUG] cheese - null
[2021-05-10T21:52:41.082] [DEBUG] cheese - login => username:admin,password:123456
[2021-05-10T21:52:41.084] [DEBUG] cheese - admin
[2021-05-10T21:52:41.094] [DEBUG] cheese - null
[2021-05-10T21:52:41.095] [DEBUG] cheese - null
[2021-05-11T13:10:01.880] [DEBUG] cheese - login => username:admin,password:123456
[2021-05-11T13:10:01.882] [DEBUG] cheese - admin
[2021-05-11T13:10:01.892] [DEBUG] cheese - null
[2021-05-11T13:10:01.892] [DEBUG] cheese - null
[2021-05-11T13:29:14.651] [DEBUG] cheese - login => username:admin,password:123456
[2021-05-11T13:29:14.651] [DEBUG] cheese - admin
[2021-05-11T13:29:14.653] [DEBUG] cheese - null
[2021-05-11T13:29:14.653] [DEBUG] cheese - null
[2021-05-11T17:10:07.291] [DEBUG] cheese - login => username:admin,password:123456
[2021-05-11T17:10:07.292] [DEBUG] cheese - admin
[2021-05-11T17:10:07.295] [DEBUG] cheese - null
[2021-05-11T17:10:07.296] [DEBUG] cheese - null
[2021-05-11T17:33:13.697] [DEBUG] cheese - login => username:admin,password:123456
[2021-05-11T17:33:13.697] [DEBUG] cheese - admin
[2021-05-11T17:33:13.699] [DEBUG] cheese - null
[2021-05-11T17:33:13.699] [DEBUG] cheese - null
[2021-05-12T10:32:46.910] [DEBUG] cheese - login => username:admin,password:123456
[2021-05-12T10:32:46.911] [DEBUG] cheese - admin
[2021-05-12T10:32:46.921] [DEBUG] cheese - null
[2021-05-12T10:32:46.921] [DEBUG] cheese - null
[2021-05-12T12:04:25.008] [DEBUG] cheese - login => username:admin,password:123456
[2021-05-12T12:04:25.010] [DEBUG] cheese - admin
[2021-05-12T12:04:25.013] [DEBUG] cheese - null
[2021-05-12T12:04:25.013] [DEBUG] cheese - null
[2021-05-12T12:34:58.879] [DEBUG] cheese - login => username:admin,password:123456
[2021-05-12T12:34:58.880] [DEBUG] cheese - admin
[2021-05-12T12:34:58.883] [DEBUG] cheese - null
[2021-05-12T12:34:58.883] [DEBUG] cheese - null
[2021-05-12T12:37:11.270] [DEBUG] cheese - login => username:admin,password:123456
[2021-05-12T12:37:11.272] [DEBUG] cheese - admin
[2021-05-12T12:37:11.275] [DEBUG] cheese - null
[2021-05-12T12:37:11.275] [DEBUG] cheese - null
